ARM GAS  /tmp/cc9lmIuo.s 			page 1


   1              		.cpu cortex-m0
   2              		.eabi_attribute 20, 1
   3              		.eabi_attribute 21, 1
   4              		.eabi_attribute 23, 3
   5              		.eabi_attribute 24, 1
   6              		.eabi_attribute 25, 1
   7              		.eabi_attribute 26, 1
   8              		.eabi_attribute 30, 1
   9              		.eabi_attribute 34, 0
  10              		.eabi_attribute 18, 4
  11              		.file	"stm32f0xx_hal_msp.c"
  12              		.text
  13              	.Ltext0:
  14              		.cfi_sections	.debug_frame
  15              		.section	.text.HAL_MspInit,"ax",%progbits
  16              		.align	1
  17              		.global	HAL_MspInit
  18              		.arch armv6s-m
  19              		.syntax unified
  20              		.code	16
  21              		.thumb_func
  22              		.fpu softvfp
  24              	HAL_MspInit:
  25              	.LFB40:
  26              		.file 1 "Core/Src/stm32f0xx_hal_msp.c"
   1:Core/Src/stm32f0xx_hal_msp.c **** /* USER CODE BEGIN Header */
   2:Core/Src/stm32f0xx_hal_msp.c **** /**
   3:Core/Src/stm32f0xx_hal_msp.c ****   ******************************************************************************
   4:Core/Src/stm32f0xx_hal_msp.c ****   * @file         stm32f0xx_hal_msp.c
   5:Core/Src/stm32f0xx_hal_msp.c ****   * @brief        This file provides code for the MSP Initialization
   6:Core/Src/stm32f0xx_hal_msp.c ****   *               and de-Initialization codes.
   7:Core/Src/stm32f0xx_hal_msp.c ****   ******************************************************************************
   8:Core/Src/stm32f0xx_hal_msp.c ****   * @attention
   9:Core/Src/stm32f0xx_hal_msp.c ****   *
  10:Core/Src/stm32f0xx_hal_msp.c ****   * Copyright (c) 2023 STMicroelectronics.
  11:Core/Src/stm32f0xx_hal_msp.c ****   * All rights reserved.
  12:Core/Src/stm32f0xx_hal_msp.c ****   *
  13:Core/Src/stm32f0xx_hal_msp.c ****   * This software is licensed under terms that can be found in the LICENSE file
  14:Core/Src/stm32f0xx_hal_msp.c ****   * in the root directory of this software component.
  15:Core/Src/stm32f0xx_hal_msp.c ****   * If no LICENSE file comes with this software, it is provided AS-IS.
  16:Core/Src/stm32f0xx_hal_msp.c ****   *
  17:Core/Src/stm32f0xx_hal_msp.c ****   ******************************************************************************
  18:Core/Src/stm32f0xx_hal_msp.c ****   */
  19:Core/Src/stm32f0xx_hal_msp.c **** /* USER CODE END Header */
  20:Core/Src/stm32f0xx_hal_msp.c **** 
  21:Core/Src/stm32f0xx_hal_msp.c **** /* Includes ------------------------------------------------------------------*/
  22:Core/Src/stm32f0xx_hal_msp.c **** #include "main.h"
  23:Core/Src/stm32f0xx_hal_msp.c **** /* USER CODE BEGIN Includes */
  24:Core/Src/stm32f0xx_hal_msp.c **** 
  25:Core/Src/stm32f0xx_hal_msp.c **** /* USER CODE END Includes */
  26:Core/Src/stm32f0xx_hal_msp.c **** 
  27:Core/Src/stm32f0xx_hal_msp.c **** /* Private typedef -----------------------------------------------------------*/
  28:Core/Src/stm32f0xx_hal_msp.c **** /* USER CODE BEGIN TD */
  29:Core/Src/stm32f0xx_hal_msp.c **** 
  30:Core/Src/stm32f0xx_hal_msp.c **** /* USER CODE END TD */
  31:Core/Src/stm32f0xx_hal_msp.c **** 
  32:Core/Src/stm32f0xx_hal_msp.c **** /* Private define ------------------------------------------------------------*/
ARM GAS  /tmp/cc9lmIuo.s 			page 2


  33:Core/Src/stm32f0xx_hal_msp.c **** /* USER CODE BEGIN Define */
  34:Core/Src/stm32f0xx_hal_msp.c **** 
  35:Core/Src/stm32f0xx_hal_msp.c **** /* USER CODE END Define */
  36:Core/Src/stm32f0xx_hal_msp.c **** 
  37:Core/Src/stm32f0xx_hal_msp.c **** /* Private macro -------------------------------------------------------------*/
  38:Core/Src/stm32f0xx_hal_msp.c **** /* USER CODE BEGIN Macro */
  39:Core/Src/stm32f0xx_hal_msp.c **** 
  40:Core/Src/stm32f0xx_hal_msp.c **** /* USER CODE END Macro */
  41:Core/Src/stm32f0xx_hal_msp.c **** 
  42:Core/Src/stm32f0xx_hal_msp.c **** /* Private variables ---------------------------------------------------------*/
  43:Core/Src/stm32f0xx_hal_msp.c **** /* USER CODE BEGIN PV */
  44:Core/Src/stm32f0xx_hal_msp.c **** 
  45:Core/Src/stm32f0xx_hal_msp.c **** /* USER CODE END PV */
  46:Core/Src/stm32f0xx_hal_msp.c **** 
  47:Core/Src/stm32f0xx_hal_msp.c **** /* Private function prototypes -----------------------------------------------*/
  48:Core/Src/stm32f0xx_hal_msp.c **** /* USER CODE BEGIN PFP */
  49:Core/Src/stm32f0xx_hal_msp.c **** 
  50:Core/Src/stm32f0xx_hal_msp.c **** /* USER CODE END PFP */
  51:Core/Src/stm32f0xx_hal_msp.c **** 
  52:Core/Src/stm32f0xx_hal_msp.c **** /* External functions --------------------------------------------------------*/
  53:Core/Src/stm32f0xx_hal_msp.c **** /* USER CODE BEGIN ExternalFunctions */
  54:Core/Src/stm32f0xx_hal_msp.c **** 
  55:Core/Src/stm32f0xx_hal_msp.c **** /* USER CODE END ExternalFunctions */
  56:Core/Src/stm32f0xx_hal_msp.c **** 
  57:Core/Src/stm32f0xx_hal_msp.c **** /* USER CODE BEGIN 0 */
  58:Core/Src/stm32f0xx_hal_msp.c **** 
  59:Core/Src/stm32f0xx_hal_msp.c **** /* USER CODE END 0 */
  60:Core/Src/stm32f0xx_hal_msp.c **** /**
  61:Core/Src/stm32f0xx_hal_msp.c ****   * Initializes the Global MSP.
  62:Core/Src/stm32f0xx_hal_msp.c ****   */
  63:Core/Src/stm32f0xx_hal_msp.c **** void HAL_MspInit(void)
  64:Core/Src/stm32f0xx_hal_msp.c **** {
  27              		.loc 1 64 1 view -0
  28              		.cfi_startproc
  29              		@ args = 0, pretend = 0, frame = 8
  30              		@ frame_needed = 0, uses_anonymous_args = 0
  31              		@ link register save eliminated.
  32 0000 82B0     		sub	sp, sp, #8
  33              	.LCFI0:
  34              		.cfi_def_cfa_offset 8
  65:Core/Src/stm32f0xx_hal_msp.c ****   /* USER CODE BEGIN MspInit 0 */
  66:Core/Src/stm32f0xx_hal_msp.c **** 
  67:Core/Src/stm32f0xx_hal_msp.c ****   /* USER CODE END MspInit 0 */
  68:Core/Src/stm32f0xx_hal_msp.c **** 
  69:Core/Src/stm32f0xx_hal_msp.c ****   __HAL_RCC_SYSCFG_CLK_ENABLE();
  35              		.loc 1 69 3 view .LVU1
  36              	.LBB2:
  37              		.loc 1 69 3 view .LVU2
  38              		.loc 1 69 3 view .LVU3
  39 0002 0A4B     		ldr	r3, .L2
  40 0004 9969     		ldr	r1, [r3, #24]
  41 0006 0122     		movs	r2, #1
  42 0008 1143     		orrs	r1, r2
  43 000a 9961     		str	r1, [r3, #24]
  44              		.loc 1 69 3 view .LVU4
  45 000c 9969     		ldr	r1, [r3, #24]
  46 000e 0A40     		ands	r2, r1
ARM GAS  /tmp/cc9lmIuo.s 			page 3


  47 0010 0092     		str	r2, [sp]
  48              		.loc 1 69 3 view .LVU5
  49 0012 009A     		ldr	r2, [sp]
  50              	.LBE2:
  70:Core/Src/stm32f0xx_hal_msp.c ****   __HAL_RCC_PWR_CLK_ENABLE();
  51              		.loc 1 70 3 view .LVU6
  52              	.LBB3:
  53              		.loc 1 70 3 view .LVU7
  54              		.loc 1 70 3 view .LVU8
  55 0014 DA69     		ldr	r2, [r3, #28]
  56 0016 8021     		movs	r1, #128
  57 0018 4905     		lsls	r1, r1, #21
  58 001a 0A43     		orrs	r2, r1
  59 001c DA61     		str	r2, [r3, #28]
  60              		.loc 1 70 3 view .LVU9
  61 001e DB69     		ldr	r3, [r3, #28]
  62 0020 0B40     		ands	r3, r1
  63 0022 0193     		str	r3, [sp, #4]
  64              		.loc 1 70 3 view .LVU10
  65 0024 019B     		ldr	r3, [sp, #4]
  66              	.LBE3:
  71:Core/Src/stm32f0xx_hal_msp.c **** 
  72:Core/Src/stm32f0xx_hal_msp.c ****   /* System interrupt init*/
  73:Core/Src/stm32f0xx_hal_msp.c **** 
  74:Core/Src/stm32f0xx_hal_msp.c ****   /* USER CODE BEGIN MspInit 1 */
  75:Core/Src/stm32f0xx_hal_msp.c **** 
  76:Core/Src/stm32f0xx_hal_msp.c ****   /* USER CODE END MspInit 1 */
  77:Core/Src/stm32f0xx_hal_msp.c **** }
  67              		.loc 1 77 1 is_stmt 0 view .LVU11
  68 0026 02B0     		add	sp, sp, #8
  69              		@ sp needed
  70 0028 7047     		bx	lr
  71              	.L3:
  72 002a C046     		.align	2
  73              	.L2:
  74 002c 00100240 		.word	1073876992
  75              		.cfi_endproc
  76              	.LFE40:
  78              		.text
  79              	.Letext0:
  80              		.file 2 "/usr/lib/gcc/arm-none-eabi/8.3.1/include/stdint.h"
  81              		.file 3 "Drivers/CMSIS/Device/ST/STM32F0xx/Include/system_stm32f0xx.h"
  82              		.file 4 "Drivers/CMSIS/Device/ST/STM32F0xx/Include/stm32f072xb.h"
  83              		.file 5 "Drivers/STM32F0xx_HAL_Driver/Inc/stm32f0xx_hal.h"
ARM GAS  /tmp/cc9lmIuo.s 			page 4


DEFINED SYMBOLS
                            *ABS*:0000000000000000 stm32f0xx_hal_msp.c
     /tmp/cc9lmIuo.s:16     .text.HAL_MspInit:0000000000000000 $t
     /tmp/cc9lmIuo.s:24     .text.HAL_MspInit:0000000000000000 HAL_MspInit
     /tmp/cc9lmIuo.s:74     .text.HAL_MspInit:000000000000002c $d

NO UNDEFINED SYMBOLS
